<<<<<<< HEAD
﻿  Jogo.cpp
c:\users\vinic\documents\github\graua-algoritmo\projetos\graua-\jogo.cpp(15): warning C4244: 'argumento': conversão de 'time_t' para 'unsigned int', possível perda de dados
c:\users\vinic\documents\github\graua-algoritmo\projetos\graua-\jogo.cpp(35): warning C4244: 'argumento': conversão de 'int' para 'float', possível perda de dados
c:\users\vinic\documents\github\graua-algoritmo\projetos\graua-\jogo.cpp(38): warning C4244: 'argumento': conversão de 'int' para 'float', possível perda de dados
c:\users\vinic\documents\github\graua-algoritmo\projetos\graua-\jogo.cpp(41): warning C4244: 'argumento': conversão de 'int' para 'float', possível perda de dados
c:\users\vinic\documents\github\graua-algoritmo\projetos\graua-\jogo.cpp(208): warning C4244: 'argumento': conversão de 'int' para 'float', possível perda de dados
c:\users\vinic\documents\github\graua-algoritmo\projetos\graua-\jogo.cpp(251): warning C4244: 'argumento': conversão de 'int' para 'float', possível perda de dados
c:\users\vinic\documents\github\graua-algoritmo\projetos\graua-\jogo.cpp(254): warning C4244: 'argumento': conversão de 'int' para 'float', possível perda de dados
c:\users\vinic\documents\github\graua-algoritmo\projetos\graua-\jogo.cpp(255): warning C4244: 'argumento': conversão de 'int' para 'float', possível perda de dados
c:\users\vinic\documents\github\graua-algoritmo\projetos\graua-\jogo.cpp(372): warning C4244: '=': conversão de 'int' para 'float', possível perda de dados
c:\users\vinic\documents\github\graua-algoritmo\projetos\graua-\jogo.cpp(376): warning C4244: '=': conversão de 'int' para 'float', possível perda de dados
c:\users\vinic\documents\github\graua-algoritmo\projetos\graua-\jogo.cpp(379): warning C4244: 'argumento': conversão de 'float' para 'int', possível perda de dados
c:\users\vinic\documents\github\graua-algoritmo\projetos\graua-\jogo.cpp(380): warning C4244: 'argumento': conversão de 'float' para 'int', possível perda de dados
c:\users\vinic\documents\github\graua-algoritmo\projetos\graua-\jogo.cpp(381): warning C4244: 'argumento': conversão de 'float' para 'int', possível perda de dados
c:\users\vinic\documents\github\graua-algoritmo\projetos\graua-\jogo.cpp(382): warning C4244: 'argumento': conversão de 'float' para 'int', possível perda de dados
c:\users\vinic\documents\github\graua-algoritmo\projetos\graua-\jogo.cpp(386): warning C4305: '-=': truncamento de 'double' para 'float'
c:\users\vinic\documents\github\graua-algoritmo\projetos\graua-\jogo.cpp(387): warning C4305: '-=': truncamento de 'double' para 'float'
  base.vcxproj -> C:\Users\vinic\Documents\GitHub\GrauA-Algoritmo\projetos\grauA-\bin\base-debug.exe
=======
﻿  main.cpp
  NaveVermelha.cpp
  NaveVerde.cpp
  NaveAzul.cpp
  Nave.cpp
c:\users\vgdorneles\documents\github\algedcpp_20191\graua-algoritmo\projetos\graua-\nave.cpp(24): warning C4244: 'argumento': conversão de 'float' para 'int', possível perda de dados
  Meteoro.cpp
c:\users\vgdorneles\documents\github\algedcpp_20191\graua-algoritmo\projetos\graua-\meteoro.cpp(46): warning C4244: '=': conversão de 'double' para 'float', possível perda de dados
c:\users\vgdorneles\documents\github\algedcpp_20191\graua-algoritmo\projetos\graua-\meteoro.cpp(51): warning C4244: '=': conversão de 'double' para 'float', possível perda de dados
c:\users\vgdorneles\documents\github\algedcpp_20191\graua-algoritmo\projetos\graua-\meteoro.cpp(80): warning C4244: 'argumento': conversão de 'double' para 'float', possível perda de dados
c:\users\vgdorneles\documents\github\algedcpp_20191\graua-algoritmo\projetos\graua-\meteoro.cpp(112): warning C4244: '=': conversão de 'double' para 'float', possível perda de dados
c:\users\vgdorneles\documents\github\algedcpp_20191\graua-algoritmo\projetos\graua-\meteoro.cpp(117): warning C4244: '=': conversão de 'double' para 'float', possível perda de dados
c:\users\vgdorneles\documents\github\algedcpp_20191\graua-algoritmo\projetos\graua-\meteoro.cpp(119): warning C4244: '=': conversão de 'int' para 'float', possível perda de dados
c:\users\vgdorneles\documents\github\algedcpp_20191\graua-algoritmo\projetos\graua-\meteoro.cpp(120): warning C4244: '=': conversão de 'int' para 'float', possível perda de dados
c:\users\vgdorneles\documents\github\algedcpp_20191\graua-algoritmo\projetos\graua-\meteoro.cpp(131): warning C4244: 'argumento': conversão de 'float' para 'int', possível perda de dados
  Jogo.cpp
c:\users\vgdorneles\documents\github\algedcpp_20191\graua-algoritmo\projetos\graua-\jogo.cpp(15): warning C4244: 'argumento': conversão de 'time_t' para 'unsigned int', possível perda de dados
c:\users\vgdorneles\documents\github\algedcpp_20191\graua-algoritmo\projetos\graua-\jogo.cpp(179): warning C4244: 'argumento': conversão de 'int' para 'float', possível perda de dados
c:\users\vgdorneles\documents\github\algedcpp_20191\graua-algoritmo\projetos\graua-\jogo.cpp(222): warning C4244: 'argumento': conversão de 'int' para 'float', possível perda de dados
c:\users\vgdorneles\documents\github\algedcpp_20191\graua-algoritmo\projetos\graua-\jogo.cpp(296): warning C4244: '=': conversão de 'int' para 'float', possível perda de dados
c:\users\vgdorneles\documents\github\algedcpp_20191\graua-algoritmo\projetos\graua-\jogo.cpp(300): warning C4244: '=': conversão de 'int' para 'float', possível perda de dados
c:\users\vgdorneles\documents\github\algedcpp_20191\graua-algoritmo\projetos\graua-\jogo.cpp(303): warning C4244: 'argumento': conversão de 'float' para 'int', possível perda de dados
c:\users\vgdorneles\documents\github\algedcpp_20191\graua-algoritmo\projetos\graua-\jogo.cpp(304): warning C4244: 'argumento': conversão de 'float' para 'int', possível perda de dados
c:\users\vgdorneles\documents\github\algedcpp_20191\graua-algoritmo\projetos\graua-\jogo.cpp(305): warning C4244: 'argumento': conversão de 'float' para 'int', possível perda de dados
c:\users\vgdorneles\documents\github\algedcpp_20191\graua-algoritmo\projetos\graua-\jogo.cpp(306): warning C4244: 'argumento': conversão de 'float' para 'int', possível perda de dados
c:\users\vgdorneles\documents\github\algedcpp_20191\graua-algoritmo\projetos\graua-\jogo.cpp(308): warning C4305: '-=': truncamento de 'double' para 'float'
c:\users\vgdorneles\documents\github\algedcpp_20191\graua-algoritmo\projetos\graua-\jogo.cpp(309): warning C4305: '-=': truncamento de 'double' para 'float'
  Jogador.cpp
c:\users\vgdorneles\documents\github\algedcpp_20191\graua-algoritmo\projetos\graua-\jogador.cpp(19): warning C4244: '=': conversão de 'int' para 'float', possível perda de dados
c:\users\vgdorneles\documents\github\algedcpp_20191\graua-algoritmo\projetos\graua-\jogador.cpp(20): warning C4244: '=': conversão de 'int' para 'float', possível perda de dados
c:\users\vgdorneles\documents\github\algedcpp_20191\graua-algoritmo\projetos\graua-\jogador.cpp(100): warning C4244: '-=': conversão de 'double' para 'float', possível perda de dados
c:\users\vgdorneles\documents\github\algedcpp_20191\graua-algoritmo\projetos\graua-\jogador.cpp(105): warning C4244: '-=': conversão de 'double' para 'float', possível perda de dados
  Gerando Código...
  LINK : C:\Users\vgdorneles\Documents\GitHub\AlgEDCPP_20191\GrauA-Algoritmo\projetos\grauA-\bin\base-debug.exe não encontrado ou não compilado pelo o último link incremental; executando link completo
Jogador.obj : warning LNK4075: ignorando '/EDITANDCONTINUE' devido a especificação '/SAFESEH'
libUnicornio_d.lib(Audio.obj) : warning LNK4099: PDB 'libUnicornio-Windows.pdb' não foi encontrado 'libUnicornio_d.lib(Audio.obj)' ou no 'C:\Users\vgdorneles\Documents\GitHub\AlgEDCPP_20191\GrauA-Algoritmo\projetos\grauA-\bin\libUnicornio-Windows.pdb'; vinculando objeto quando quando sem nenhuma informação de depuração
libUnicornio_d.lib(GerenciadorDeMusica.obj) : warning LNK4099: PDB 'libUnicornio-Windows.pdb' não foi encontrado 'libUnicornio_d.lib(GerenciadorDeMusica.obj)' ou no 'C:\Users\vgdorneles\Documents\GitHub\AlgEDCPP_20191\GrauA-Algoritmo\projetos\grauA-\bin\libUnicornio-Windows.pdb'; vinculando objeto quando quando sem nenhuma informação de depuração
libUnicornio_d.lib(MixadorDeAudios.obj) : warning LNK4099: PDB 'libUnicornio-Windows.pdb' não foi encontrado 'libUnicornio_d.lib(MixadorDeAudios.obj)' ou no 'C:\Users\vgdorneles\Documents\GitHub\AlgEDCPP_20191\GrauA-Algoritmo\projetos\grauA-\bin\libUnicornio-Windows.pdb'; vinculando objeto quando quando sem nenhuma informação de depuração
libUnicornio_d.lib(Musica.obj) : warning LNK4099: PDB 'libUnicornio-Windows.pdb' não foi encontrado 'libUnicornio_d.lib(Musica.obj)' ou no 'C:\Users\vgdorneles\Documents\GitHub\AlgEDCPP_20191\GrauA-Algoritmo\projetos\grauA-\bin\libUnicornio-Windows.pdb'; vinculando objeto quando quando sem nenhuma informação de depuração
libUnicornio_d.lib(Som.obj) : warning LNK4099: PDB 'libUnicornio-Windows.pdb' não foi encontrado 'libUnicornio_d.lib(Som.obj)' ou no 'C:\Users\vgdorneles\Documents\GitHub\AlgEDCPP_20191\GrauA-Algoritmo\projetos\grauA-\bin\libUnicornio-Windows.pdb'; vinculando objeto quando quando sem nenhuma informação de depuração
libUnicornio_d.lib(uniTestarColisao.obj) : warning LNK4099: PDB 'libUnicornio-Windows.pdb' não foi encontrado 'libUnicornio_d.lib(uniTestarColisao.obj)' ou no 'C:\Users\vgdorneles\Documents\GitHub\AlgEDCPP_20191\GrauA-Algoritmo\projetos\grauA-\bin\libUnicornio-Windows.pdb'; vinculando objeto quando quando sem nenhuma informação de depuração
libUnicornio_d.lib(PainelDeDebug.obj) : warning LNK4099: PDB 'libUnicornio-Windows.pdb' não foi encontrado 'libUnicornio_d.lib(PainelDeDebug.obj)' ou no 'C:\Users\vgdorneles\Documents\GitHub\AlgEDCPP_20191\GrauA-Algoritmo\projetos\grauA-\bin\libUnicornio-Windows.pdb'; vinculando objeto quando quando sem nenhuma informação de depuração
libUnicornio_d.lib(GerenciadorDeEventos.obj) : warning LNK4099: PDB 'libUnicornio-Windows.pdb' não foi encontrado 'libUnicornio_d.lib(GerenciadorDeEventos.obj)' ou no 'C:\Users\vgdorneles\Documents\GitHub\AlgEDCPP_20191\GrauA-Algoritmo\projetos\grauA-\bin\libUnicornio-Windows.pdb'; vinculando objeto quando quando sem nenhuma informação de depuração
libUnicornio_d.lib(EventosInputTexto.obj) : warning LNK4099: PDB 'libUnicornio-Windows.pdb' não foi encontrado 'libUnicornio_d.lib(EventosInputTexto.obj)' ou no 'C:\Users\vgdorneles\Documents\GitHub\AlgEDCPP_20191\GrauA-Algoritmo\projetos\grauA-\bin\libUnicornio-Windows.pdb'; vinculando objeto quando quando sem nenhuma informação de depuração
libUnicornio_d.lib(EventosJoysticks.obj) : warning LNK4099: PDB 'libUnicornio-Windows.pdb' não foi encontrado 'libUnicornio_d.lib(EventosJoysticks.obj)' ou no 'C:\Users\vgdorneles\Documents\GitHub\AlgEDCPP_20191\GrauA-Algoritmo\projetos\grauA-\bin\libUnicornio-Windows.pdb'; vinculando objeto quando quando sem nenhuma informação de depuração
libUnicornio_d.lib(EventosMouse.obj) : warning LNK4099: PDB 'libUnicornio-Windows.pdb' não foi encontrado 'libUnicornio_d.lib(EventosMouse.obj)' ou no 'C:\Users\vgdorneles\Documents\GitHub\AlgEDCPP_20191\GrauA-Algoritmo\projetos\grauA-\bin\libUnicornio-Windows.pdb'; vinculando objeto quando quando sem nenhuma informação de depuração
libUnicornio_d.lib(EventosTeclado.obj) : warning LNK4099: PDB 'libUnicornio-Windows.pdb' não foi encontrado 'libUnicornio_d.lib(EventosTeclado.obj)' ou no 'C:\Users\vgdorneles\Documents\GitHub\AlgEDCPP_20191\GrauA-Algoritmo\projetos\grauA-\bin\libUnicornio-Windows.pdb'; vinculando objeto quando quando sem nenhuma informação de depuração
libUnicornio_d.lib(EventosToques.obj) : warning LNK4099: PDB 'libUnicornio-Windows.pdb' não foi encontrado 'libUnicornio_d.lib(EventosToques.obj)' ou no 'C:\Users\vgdorneles\Documents\GitHub\AlgEDCPP_20191\GrauA-Algoritmo\projetos\grauA-\bin\libUnicornio-Windows.pdb'; vinculando objeto quando quando sem nenhuma informação de depuração
libUnicornio_d.lib(Joystick.obj) : warning LNK4099: PDB 'libUnicornio-Windows.pdb' não foi encontrado 'libUnicornio_d.lib(Joystick.obj)' ou no 'C:\Users\vgdorneles\Documents\GitHub\AlgEDCPP_20191\GrauA-Algoritmo\projetos\grauA-\bin\libUnicornio-Windows.pdb'; vinculando objeto quando quando sem nenhuma informação de depuração
libUnicornio_d.lib(Global.obj) : warning LNK4099: PDB 'libUnicornio-Windows.pdb' não foi encontrado 'libUnicornio_d.lib(Global.obj)' ou no 'C:\Users\vgdorneles\Documents\GitHub\AlgEDCPP_20191\GrauA-Algoritmo\projetos\grauA-\bin\libUnicornio-Windows.pdb'; vinculando objeto quando quando sem nenhuma informação de depuração
libUnicornio_d.lib(jsoncpp.obj) : warning LNK4099: PDB 'libUnicornio-Windows.pdb' não foi encontrado 'libUnicornio_d.lib(jsoncpp.obj)' ou no 'C:\Users\vgdorneles\Documents\GitHub\AlgEDCPP_20191\GrauA-Algoritmo\projetos\grauA-\bin\libUnicornio-Windows.pdb'; vinculando objeto quando quando sem nenhuma informação de depuração
libUnicornio_d.lib(Quad.obj) : warning LNK4099: PDB 'libUnicornio-Windows.pdb' não foi encontrado 'libUnicornio_d.lib(Quad.obj)' ou no 'C:\Users\vgdorneles\Documents\GitHub\AlgEDCPP_20191\GrauA-Algoritmo\projetos\grauA-\bin\libUnicornio-Windows.pdb'; vinculando objeto quando quando sem nenhuma informação de depuração
libUnicornio_d.lib(GerenciadorDeRecursos.obj) : warning LNK4099: PDB 'libUnicornio-Windows.pdb' não foi encontrado 'libUnicornio_d.lib(GerenciadorDeRecursos.obj)' ou no 'C:\Users\vgdorneles\Documents\GitHub\AlgEDCPP_20191\GrauA-Algoritmo\projetos\grauA-\bin\libUnicornio-Windows.pdb'; vinculando objeto quando quando sem nenhuma informação de depuração
libUnicornio_d.lib(Cor.obj) : warning LNK4099: PDB 'libUnicornio-Windows.pdb' não foi encontrado 'libUnicornio_d.lib(Cor.obj)' ou no 'C:\Users\vgdorneles\Documents\GitHub\AlgEDCPP_20191\GrauA-Algoritmo\projetos\grauA-\bin\libUnicornio-Windows.pdb'; vinculando objeto quando quando sem nenhuma informação de depuração
libUnicornio_d.lib(Fading.obj) : warning LNK4099: PDB 'libUnicornio-Windows.pdb' não foi encontrado 'libUnicornio_d.lib(Fading.obj)' ou no 'C:\Users\vgdorneles\Documents\GitHub\AlgEDCPP_20191\GrauA-Algoritmo\projetos\grauA-\bin\libUnicornio-Windows.pdb'; vinculando objeto quando quando sem nenhuma informação de depuração
libUnicornio_d.lib(Fonte.obj) : warning LNK4099: PDB 'libUnicornio-Windows.pdb' não foi encontrado 'libUnicornio_d.lib(Fonte.obj)' ou no 'C:\Users\vgdorneles\Documents\GitHub\AlgEDCPP_20191\GrauA-Algoritmo\projetos\grauA-\bin\libUnicornio-Windows.pdb'; vinculando objeto quando quando sem nenhuma informação de depuração
libUnicornio_d.lib(GerenciadorDeGraficos.obj) : warning LNK4099: PDB 'libUnicornio-Windows.pdb' não foi encontrado 'libUnicornio_d.lib(GerenciadorDeGraficos.obj)' ou no 'C:\Users\vgdorneles\Documents\GitHub\AlgEDCPP_20191\GrauA-Algoritmo\projetos\grauA-\bin\libUnicornio-Windows.pdb'; vinculando objeto quando quando sem nenhuma informação de depuração
libUnicornio_d.lib(Janela.obj) : warning LNK4099: PDB 'libUnicornio-Windows.pdb' não foi encontrado 'libUnicornio_d.lib(Janela.obj)' ou no 'C:\Users\vgdorneles\Documents\GitHub\AlgEDCPP_20191\GrauA-Algoritmo\projetos\grauA-\bin\libUnicornio-Windows.pdb'; vinculando objeto quando quando sem nenhuma informação de depuração
libUnicornio_d.lib(Sprite.obj) : warning LNK4099: PDB 'libUnicornio-Windows.pdb' não foi encontrado 'libUnicornio_d.lib(Sprite.obj)' ou no 'C:\Users\vgdorneles\Documents\GitHub\AlgEDCPP_20191\GrauA-Algoritmo\projetos\grauA-\bin\libUnicornio-Windows.pdb'; vinculando objeto quando quando sem nenhuma informação de depuração
libUnicornio_d.lib(SpriteSheet.obj) : warning LNK4099: PDB 'libUnicornio-Windows.pdb' não foi encontrado 'libUnicornio_d.lib(SpriteSheet.obj)' ou no 'C:\Users\vgdorneles\Documents\GitHub\AlgEDCPP_20191\GrauA-Algoritmo\projetos\grauA-\bin\libUnicornio-Windows.pdb'; vinculando objeto quando quando sem nenhuma informação de depuração
libUnicornio_d.lib(Texto.obj) : warning LNK4099: PDB 'libUnicornio-Windows.pdb' não foi encontrado 'libUnicornio_d.lib(Texto.obj)' ou no 'C:\Users\vgdorneles\Documents\GitHub\AlgEDCPP_20191\GrauA-Algoritmo\projetos\grauA-\bin\libUnicornio-Windows.pdb'; vinculando objeto quando quando sem nenhuma informação de depuração
libUnicornio_d.lib(Textura.obj) : warning LNK4099: PDB 'libUnicornio-Windows.pdb' não foi encontrado 'libUnicornio_d.lib(Textura.obj)' ou no 'C:\Users\vgdorneles\Documents\GitHub\AlgEDCPP_20191\GrauA-Algoritmo\projetos\grauA-\bin\libUnicornio-Windows.pdb'; vinculando objeto quando quando sem nenhuma informação de depuração
libUnicornio_d.lib(TexturaBase.obj) : warning LNK4099: PDB 'libUnicornio-Windows.pdb' não foi encontrado 'libUnicornio_d.lib(TexturaBase.obj)' ou no 'C:\Users\vgdorneles\Documents\GitHub\AlgEDCPP_20191\GrauA-Algoritmo\projetos\grauA-\bin\libUnicornio-Windows.pdb'; vinculando objeto quando quando sem nenhuma informação de depuração
libUnicornio_d.lib(GerenciadorDeStrings.obj) : warning LNK4099: PDB 'libUnicornio-Windows.pdb' não foi encontrado 'libUnicornio_d.lib(GerenciadorDeStrings.obj)' ou no 'C:\Users\vgdorneles\Documents\GitHub\AlgEDCPP_20191\GrauA-Algoritmo\projetos\grauA-\bin\libUnicornio-Windows.pdb'; vinculando objeto quando quando sem nenhuma informação de depuração
libUnicornio_d.lib(GrupoDeStrings.obj) : warning LNK4099: PDB 'libUnicornio-Windows.pdb' não foi encontrado 'libUnicornio_d.lib(GrupoDeStrings.obj)' ou no 'C:\Users\vgdorneles\Documents\GitHub\AlgEDCPP_20191\GrauA-Algoritmo\projetos\grauA-\bin\libUnicornio-Windows.pdb'; vinculando objeto quando quando sem nenhuma informação de depuração
libUnicornio_d.lib(GerenciadorDeTempo.obj) : warning LNK4099: PDB 'libUnicornio-Windows.pdb' não foi encontrado 'libUnicornio_d.lib(GerenciadorDeTempo.obj)' ou no 'C:\Users\vgdorneles\Documents\GitHub\AlgEDCPP_20191\GrauA-Algoritmo\projetos\grauA-\bin\libUnicornio-Windows.pdb'; vinculando objeto quando quando sem nenhuma informação de depuração
libUnicornio_d.lib(uniFuncoesPrincipais.obj) : warning LNK4099: PDB 'libUnicornio-Windows.pdb' não foi encontrado 'libUnicornio_d.lib(uniFuncoesPrincipais.obj)' ou no 'C:\Users\vgdorneles\Documents\GitHub\AlgEDCPP_20191\GrauA-Algoritmo\projetos\grauA-\bin\libUnicornio-Windows.pdb'; vinculando objeto quando quando sem nenhuma informação de depuração
libUnicornio_d.lib(Vetor2D.obj) : warning LNK4099: PDB 'libUnicornio-Windows.pdb' não foi encontrado 'libUnicornio_d.lib(Vetor2D.obj)' ou no 'C:\Users\vgdorneles\Documents\GitHub\AlgEDCPP_20191\GrauA-Algoritmo\projetos\grauA-\bin\libUnicornio-Windows.pdb'; vinculando objeto quando quando sem nenhuma informação de depuração
  base.vcxproj -> C:\Users\vgdorneles\Documents\GitHub\AlgEDCPP_20191\GrauA-Algoritmo\projetos\grauA-\bin\base-debug.exe
  base.vcxproj -> C:\Users\vgdorneles\Documents\GitHub\AlgEDCPP_20191\GrauA-Algoritmo\projetos\grauA-\bin\base-debug.pdb (Full PDB)
>>>>>>> a30a4794f5b053983cb824f64b725dd060f333a3
